<?xml version="1.0" encoding="UTF-8"?>
<!-- Generated by org.testng.reporters.JUnitReportReporter -->
<testsuite hostname="DESKTOP-G0635JT" failures="0" tests="4" name="testPackage.TestClass" time="24.112" errors="0" timestamp="2021-08-21T09:16:03 EET" skipped="0">
  <testcase classname="testPackage.TestClass" name="checkThatTheResultStatsIsNotEmptyInCaseSearchingForSHAFT_Engine" time="6.379"/>
  <system-out/>
  <testcase classname="testPackage.TestClass" name="checkThatGooglePageTitleIsCorrect" time="6.652"/>
  <system-out/>
  <testcase classname="testPackage.TestClass" name="checkThatTheResultStatsIsNotEmpty" time="6.604"/>
  <system-out/>
  <testcase classname="testPackage.TestClass" name="checkThatGoogleLogoIsDisplayed" time="4.477"/>
  <system-out/>
</testsuite> <!-- testPackage.TestClass -->
