<?xml version="1.0" encoding="UTF-8"?>
<!-- Generated by org.testng.reporters.JUnitReportReporter -->
<testsuite hostname="DESKTOP-G0635JT" failures="0" tests="1" name="Test.Search4_chrome" time="5.258" errors="0" timestamp="2021-08-17T11:52:06 EET" skipped="0">
  <testcase classname="Test.Search4_chrome" name="checkSearchresult" time="5.258"/>
  <system-out/>
</testsuite> <!-- Test.Search4_chrome -->
