<?xml version="1.0" encoding="UTF-8"?>
<!-- Generated by org.testng.reporters.JUnitReportReporter -->
<testsuite hostname="DESKTOP-G0635JT" failures="0" tests="1" name="Test.Logo_chrome" time="12.230" errors="0" timestamp="2021-08-14T10:58:38 EET" skipped="0">
  <testcase classname="Test.Logo_chrome" name="checktitle" time="12.230"/>
  <system-out/>
</testsuite> <!-- Test.Logo_chrome -->
