<?xml version="1.0" encoding="UTF-8"?>
<!-- Generated by org.testng.reporters.JUnitReportReporter -->
<testsuite hostname="DESKTOP-G0635JT" failures="0" tests="1" name="Test.Title_chrome" time="8.004" errors="0" timestamp="2021-08-14T10:55:43 EET" skipped="0">
  <testcase classname="Test.Title_chrome" name="checktitle" time="8.004"/>
  <system-out/>
</testsuite> <!-- Test.Title_chrome -->
