<?xml version="1.0" encoding="UTF-8"?>
<!-- Generated by org.testng.reporters.JUnitReportReporter -->
<testsuite hostname="DESKTOP-G0635JT" failures="0" tests="1" name="Test.Navigation" time="2.970" errors="0" timestamp="2021-08-20T09:56:55 EET" skipped="0">
  <testcase classname="Test.Navigation" name="navigateToPage" time="2.970"/>
  <system-out/>
</testsuite> <!-- Test.Navigation -->
